{
  "stats": {
    "suites": 1,
    "tests": 1,
    "passes": 1,
    "pending": 0,
    "failures": 0,
    "start": "2023-12-03T20:43:20.888Z",
    "end": "2023-12-03T20:43:22.671Z",
    "duration": 1783,
    "testsRegistered": 1,
    "passPercent": 100,
    "pendingPercent": 0,
    "other": 0,
    "hasOther": false,
    "skipped": 0,
    "hasSkipped": false
  },
  "results": [
    {
      "uuid": "7d80ba14-db09-4e20-90d6-0a42f15f0bb6",
      "title": "",
      "fullFile": "cypress/e2e/getUser.cy.js",
      "file": "cypress/e2e/getUser.cy.js",
      "beforeHooks": [],
      "afterHooks": [],
      "tests": [],
      "suites": [
        {
          "uuid": "4c960ce7-b492-4156-99fa-73d98d822e5b",
          "title": "verification of the user via API",
          "fullFile": "",
          "file": "",
          "beforeHooks": [],
          "afterHooks": [],
          "tests": [
            {
              "title": "get user",
              "fullTitle": "verification of the user via API get user",
              "timedOut": null,
              "duration": 1772,
              "state": "passed",
              "speed": "fast",
              "pass": true,
              "fail": false,
              "pending": false,
              "context": null,
              "code": "(0, _verificationOfUser.getUser)();",
              "err": {},
              "uuid": "f8b6e96a-db2a-415f-9969-a64fd472b06a",
              "parentUUID": "4c960ce7-b492-4156-99fa-73d98d822e5b",
              "isHook": false,
              "skipped": false
            }
          ],
          "suites": [],
          "passes": [
            "f8b6e96a-db2a-415f-9969-a64fd472b06a"
          ],
          "failures": [],
          "pending": [],
          "skipped": [],
          "duration": 1772,
          "root": false,
          "rootEmpty": false,
          "_timeout": 2000
        }
      ],
      "passes": [],
      "failures": [],
      "pending": [],
      "skipped": [],
      "duration": 0,
      "root": true,
      "rootEmpty": true,
      "_timeout": 2000
    }
  ],
  "meta": {
    "mocha": {
      "version": "7.0.1"
    },
    "mochawesome": {
      "options": {
        "quiet": false,
        "reportFilename": "mochawesome",
        "saveHtml": false,
        "saveJson": true,
        "consoleReporter": "spec",
        "useInlineDiffs": false,
        "code": true
      },
      "version": "7.1.3"
    },
    "marge": {
      "options": {
        "reportDir": "cypress/results",
        "overwrite": false,
        "html": false,
        "json": true
      },
      "version": "6.2.0"
    }
  }
}